<?xml version="1.0" encoding="UTF-8"?>
<!-- Generated by org.testng.reporters.JUnitReportReporter -->
<testsuite skipped="0" hostname="LAPTOP-MSTO7RQ5" name="test.AddCustomersTest" tests="1" failures="0" timestamp="2023-01-28T08:20:18 EST" time="7.921" errors="0">
  <testcase name="userShouldBeAbleToAddCustomers" time="7.921" classname="test.AddCustomersTest"/>
  <system-out/>
</testsuite> <!-- test.AddCustomersTest -->
