<?xml version="1.0" encoding="UTF-8"?>
<!-- Generated by org.testng.reporters.JUnitReportReporter -->
<testsuite skipped="0" hostname="LAPTOP-MSTO7RQ5" name="test.LoginTest" tests="1" failures="0" timestamp="2023-01-12T11:03:53 EST" time="3.311" errors="0">
  <testcase name="validUserShouldBeAbleToLogin" time="3.311" classname="test.LoginTest"/>
  <system-out/>
</testsuite> <!-- test.LoginTest -->
